2026-04-21T10:46:58+00:00 DEBUG #4162 - [New Request] GET /wordpress/wp-admin/admin.php
2026-04-21T10:46:58+00:00 DEBUG #4162 - GET https://api.woocommerce.com/integrations/ppc/v1/customer/partners/K8SKZ36LQBWXJ/merchant-integrations/
Response: Array
(
    [code] => 404
    [message] => Not Found
)

Response Body: {"statusCode":404,"error":"Not Found","message":"Not Found"}

2026-04-21T10:46:58+00:00 WARNING #4162 - [Error] Not Found CONTEXT: {"args":{"method":"GET","headers":{"Authorization":"Bearer token","Content-Type":"application/json"}},"response":{"headers":{},"body":"{"statusCode":404,"error":"Not Found","message":"Not Found"}","response":{"code":404,"message":"Not Found"},"cookies":[],"filename":null,"http_response":{"data":null,"headers":null,"status":null}}}
2026-04-21T10:47:08+00:00 DEBUG #9938 - [New Request] GET /wordpress/wp-json/wc/v3/wc_paypal/webhooks
2026-04-21T10:47:08+00:00 DEBUG #9938 - GET https://api.woocommerce.com/integrations/ppc/v1/notifications/webhooks
Response: Array
(
    [code] => 404
    [message] => Not Found
)

Response Body: {"statusCode":404,"error":"Not Found","message":"Not Found"}

2026-04-21T13:41:52+00:00 DEBUG #5789 - [New Request] GET /wordpress/wp-admin/plugins.php
2026-04-21T13:41:52+00:00 DEBUG #5789 - Webhook lock acquired for 'unregister'.
2026-04-21T13:41:52+00:00 DEBUG #5789 - Webhook operation 'unregister' started.
2026-04-21T13:41:53+00:00 DEBUG #5789 - GET https://api.woocommerce.com/integrations/ppc/v1/notifications/webhooks
Response: Array
(
    [code] => 404
    [message] => Not Found
)

Response Body: {"statusCode":404,"error":"Not Found","message":"Not Found"}

2026-04-21T13:41:53+00:00 ERROR #5789 - Failed to delete webhooks: [Error] Not Found
2026-04-21T13:41:53+00:00 INFO #5789 - Webhooks deleted.
2026-04-21T13:41:53+00:00 DEBUG #5789 - Webhook lock released for 'unregister'.
